<?xml version="1.0" encoding="utf-8"?><testsuites name="pytest tests"><testsuite name="pytest" errors="0" failures="0" skipped="0" tests="8" time="2.174" timestamp="2026-03-06T07:39:05.971537+00:00" hostname="agent-env-4e42cf7c-e3d0-47bf-b9d7-acec486c61db"><testcase classname="backend.tests.test_email_notification.TestEmailEndpoint" name="test_send_test_email_success" time="0.585" /><testcase classname="backend.tests.test_email_notification.TestEmailEndpoint" name="test_send_test_email_invalid_format" time="0.253" /><testcase classname="backend.tests.test_email_notification.TestEmailEndpoint" name="test_send_test_email_missing_field" time="0.103" /><testcase classname="backend.tests.test_email_notification.TestVideoGenerationWithEmail" name="test_generate_video_with_notify_email" time="0.209" /><testcase classname="backend.tests.test_email_notification.TestVideoGenerationWithEmail" name="test_generate_video_without_notify_email" time="0.216" /><testcase classname="backend.tests.test_email_notification.TestVideoGenerationWithEmail" name="test_generate_video_with_empty_notify_email" time="0.201" /><testcase classname="backend.tests.test_email_notification.TestVideoGenerationWithEmail" name="test_generate_video_with_null_notify_email" time="0.209" /><testcase classname="backend.tests.test_email_notification.TestSendVideoNotificationFunction" name="test_video_response_fields" time="0.264" /></testsuite></testsuites>