<?xml version="1.0" encoding="utf-8"?><testsuites name="pytest tests"><testsuite name="pytest" errors="0" failures="0" skipped="0" tests="18" time="5.431" timestamp="2026-03-06T07:03:34.146845+00:00" hostname="agent-env-4e42cf7c-e3d0-47bf-b9d7-acec486c61db"><testcase classname="backend.tests.test_integration_apis.TestProductsCRUD" name="test_get_products_list" time="0.184" /><testcase classname="backend.tests.test_integration_apis.TestProductsCRUD" name="test_create_product" time="0.312" /><testcase classname="backend.tests.test_integration_apis.TestProductsCRUD" name="test_update_product" time="0.491" /><testcase classname="backend.tests.test_integration_apis.TestProductsCRUD" name="test_delete_product" time="0.337" /><testcase classname="backend.tests.test_integration_apis.TestProductPublishWorkflow" name="test_publish_product_to_store" time="0.662" /><testcase classname="backend.tests.test_integration_apis.TestProductPublishWorkflow" name="test_unpublish_product" time="0.571" /><testcase classname="backend.tests.test_integration_apis.TestLinkVideoToProduct" name="test_link_video_to_product" time="0.523" /><testcase classname="backend.tests.test_integration_apis.TestIntegrationKeys" name="test_list_integration_keys" time="0.101" /><testcase classname="backend.tests.test_integration_apis.TestIntegrationKeys" name="test_create_integration_key" time="0.208" /><testcase classname="backend.tests.test_integration_apis.TestIntegrationKeys" name="test_revoke_integration_key" time="0.319" /><testcase classname="backend.tests.test_integration_apis.TestStoreFeed" name="test_get_store_feed" time="0.114" /><testcase classname="backend.tests.test_integration_apis.TestStoreFeed" name="test_store_feed_product_has_video_details" time="0.109" /><testcase classname="backend.tests.test_integration_apis.TestExternalAPIsWithApiKey" name="test_external_products_without_key_returns_401" time="0.103" /><testcase classname="backend.tests.test_integration_apis.TestExternalAPIsWithApiKey" name="test_external_products_with_invalid_key_returns_403" time="0.107" /><testcase classname="backend.tests.test_integration_apis.TestExternalAPIsWithApiKey" name="test_external_products_with_valid_key" time="0.245" /><testcase classname="backend.tests.test_integration_apis.TestExternalAPIsWithApiKey" name="test_external_videos_with_valid_key" time="0.201" /><testcase classname="backend.tests.test_integration_apis.TestExternalAPIsWithApiKey" name="test_external_create_product_with_valid_key" time="0.400" /><testcase classname="backend.tests.test_integration_apis.TestExternalAPIsWithApiKey" name="test_external_create_product_without_write_permission" time="0.357" /></testsuite></testsuites>