<?xml version="1.0" encoding="utf-8"?><testsuites name="pytest tests"><testsuite name="pytest" errors="0" failures="0" skipped="0" tests="32" time="8.308" timestamp="2026-03-07T05:29:25.848863+00:00" hostname="agent-env-003f9759-7084-4078-a769-e96d1116a08e"><testcase classname="backend.tests.test_launch_verification.TestHealthAndBasicEndpoints" name="test_api_root" time="0.271" /><testcase classname="backend.tests.test_launch_verification.TestHealthAndBasicEndpoints" name="test_plans_endpoint" time="0.116" /><testcase classname="backend.tests.test_launch_verification.TestHealthAndBasicEndpoints" name="test_templates_endpoint" time="0.109" /><testcase classname="backend.tests.test_launch_verification.TestHealthAndBasicEndpoints" name="test_videos_list_endpoint" time="0.115" /><testcase classname="backend.tests.test_launch_verification.TestHealthAndBasicEndpoints" name="test_gallery_endpoint" time="0.107" /><testcase classname="backend.tests.test_launch_verification.TestHealthAndBasicEndpoints" name="test_analytics_overview" time="0.111" /><testcase classname="backend.tests.test_launch_verification.TestUserRegistration" name="test_register_new_user" time="0.345" /><testcase classname="backend.tests.test_launch_verification.TestUserRegistration" name="test_register_duplicate_email" time="0.425" /><testcase classname="backend.tests.test_launch_verification.TestUserLogin" name="test_login_success" time="0.655" /><testcase classname="backend.tests.test_launch_verification.TestUserLogin" name="test_login_invalid_password" time="0.672" /><testcase classname="backend.tests.test_launch_verification.TestUserLogin" name="test_login_nonexistent_user" time="0.112" /><testcase classname="backend.tests.test_launch_verification.TestAuthenticatedEndpoints" name="test_get_me_authenticated" time="0.448" /><testcase classname="backend.tests.test_launch_verification.TestAuthenticatedEndpoints" name="test_get_me_no_token" time="0.141" /><testcase classname="backend.tests.test_launch_verification.TestAuthenticatedEndpoints" name="test_get_me_invalid_token" time="0.118" /><testcase classname="backend.tests.test_launch_verification.TestProductsCRUD" name="test_list_products" time="0.247" /><testcase classname="backend.tests.test_launch_verification.TestProductsCRUD" name="test_create_product" time="0.105" /><testcase classname="backend.tests.test_launch_verification.TestProductsCRUD" name="test_get_product" time="0.216" /><testcase classname="backend.tests.test_launch_verification.TestProductsCRUD" name="test_update_product" time="0.213" /><testcase classname="backend.tests.test_launch_verification.TestProductsCRUD" name="test_publish_unpublish_product" time="0.308" /><testcase classname="backend.tests.test_launch_verification.TestProductsCRUD" name="test_delete_product" time="0.217" /><testcase classname="backend.tests.test_launch_verification.TestStoreFeed" name="test_store_feed_public" time="0.131" /><testcase classname="backend.tests.test_launch_verification.TestIntegrationKeys" name="test_create_integration_key" time="0.115" /><testcase classname="backend.tests.test_launch_verification.TestIntegrationKeys" name="test_list_integration_keys" time="0.100" /><testcase classname="backend.tests.test_launch_verification.TestIntegrationKeys" name="test_revoke_integration_key" time="0.226" /><testcase classname="backend.tests.test_launch_verification.TestExternalAPIs" name="test_external_products_without_key" time="0.104" /><testcase classname="backend.tests.test_launch_verification.TestExternalAPIs" name="test_external_products_with_key" time="0.195" /><testcase classname="backend.tests.test_launch_verification.TestExternalAPIs" name="test_external_videos_with_key" time="0.220" /><testcase classname="backend.tests.test_launch_verification.TestAdminEndpoints" name="test_admin_users_list" time="0.432" /><testcase classname="backend.tests.test_launch_verification.TestAdminEndpoints" name="test_admin_revenue" time="0.460" /><testcase classname="backend.tests.test_launch_verification.TestAdminEndpoints" name="test_admin_access_denied_for_regular_user" time="0.430" /><testcase classname="backend.tests.test_launch_verification.TestVideoGeneration" name="test_video_generate_endpoint_exists" time="0.110" /><testcase classname="backend.tests.test_launch_verification" name="test_cleanup_test_data" time="0.632" /></testsuite></testsuites>