<?xml version="1.0" encoding="utf-8"?><testsuites name="pytest tests"><testsuite name="pytest" errors="0" failures="0" skipped="0" tests="11" time="2.489" timestamp="2026-03-06T06:41:48.929124+00:00" hostname="agent-env-4e42cf7c-e3d0-47bf-b9d7-acec486c61db"><testcase classname="backend.tests.test_api.TestHealthAndBasics" name="test_api_root" time="0.309" /><testcase classname="backend.tests.test_api.TestTemplatesAPI" name="test_get_templates" time="0.118" /><testcase classname="backend.tests.test_api.TestTemplatesAPI" name="test_create_custom_template" time="0.291" /><testcase classname="backend.tests.test_api.TestVideosAPI" name="test_get_videos" time="0.108" /><testcase classname="backend.tests.test_api.TestVideosAPI" name="test_generate_video" time="0.316" /><testcase classname="backend.tests.test_api.TestVideosAPI" name="test_get_video_not_found" time="0.106" /><testcase classname="backend.tests.test_api.TestGalleryAPI" name="test_get_gallery" time="0.122" /><testcase classname="backend.tests.test_api.TestAnalyticsAPI" name="test_get_analytics_overview" time="0.112" /><testcase classname="backend.tests.test_api.TestBatchGeneration" name="test_batch_generate_videos" time="0.315" /><testcase classname="backend.tests.test_api.TestVideoSharing" name="test_share_completed_video" time="0.418" /><testcase classname="backend.tests.test_api.TestLikeVideo" name="test_like_video" time="0.202" /></testsuite></testsuites>